<?xml version="1.0" encoding="UTF-8"?>
<!-- Generated by org.testng.reporters.JUnitReportReporter -->
<testsuite hostname="LAPTOP-VU2UI1BV" failures="0" tests="1" name="Banjararideapk.Banjararide" time="187.067" errors="0" timestamp="2022-12-16T23:22:26 IST" skipped="0">
  <testcase classname="Banjararideapk.Banjararide" name="launchbanjararide" time="187.067"/>
  <system-out/>
</testsuite> <!-- Banjararideapk.Banjararide -->
